mode: set
github.com/khatthaphone/assesment/auth.go:15.62,16.36 1 0
github.com/khatthaphone/assesment/auth.go:16.36,20.17 2 0
github.com/khatthaphone/assesment/auth.go:33.3,36.5 1 0
github.com/khatthaphone/assesment/auth.go:20.17,22.18 2 0
github.com/khatthaphone/assesment/auth.go:29.4,29.18 1 0
github.com/khatthaphone/assesment/auth.go:22.18,27.5 1 0
github.com/khatthaphone/assesment/server.go:15.13,35.2 14 0
github.com/khatthaphone/assesment/server.go:37.46,39.2 1 1
github.com/khatthaphone/assesment/expense/db.go:11.23,14.16 3 0
github.com/khatthaphone/assesment/expense/db.go:18.2,18.11 1 0
github.com/khatthaphone/assesment/expense/db.go:14.16,16.3 1 0
github.com/khatthaphone/assesment/expense/expense.go:30.38,34.2 1 1
github.com/khatthaphone/assesment/expense/expense.go:36.59,38.37 1 1
github.com/khatthaphone/assesment/expense/expense.go:42.2,44.16 3 1
github.com/khatthaphone/assesment/expense/expense.go:47.2,47.55 1 1
github.com/khatthaphone/assesment/expense/expense.go:51.2,55.16 4 1
github.com/khatthaphone/assesment/expense/expense.go:59.2,59.38 1 1
github.com/khatthaphone/assesment/expense/expense.go:38.37,40.3 1 1
github.com/khatthaphone/assesment/expense/expense.go:44.16,46.3 1 0
github.com/khatthaphone/assesment/expense/expense.go:47.55,49.3 1 1
github.com/khatthaphone/assesment/expense/expense.go:55.16,57.3 1 0
github.com/khatthaphone/assesment/expense/expense.go:63.59,65.16 2 1
github.com/khatthaphone/assesment/expense/expense.go:70.2,76.16 5 1
github.com/khatthaphone/assesment/expense/expense.go:80.2,80.33 1 1
github.com/khatthaphone/assesment/expense/expense.go:65.16,67.3 1 0
github.com/khatthaphone/assesment/expense/expense.go:76.16,78.3 1 0
github.com/khatthaphone/assesment/expense/expense.go:83.62,85.37 1 1
github.com/khatthaphone/assesment/expense/expense.go:89.2,93.69 4 1
github.com/khatthaphone/assesment/expense/expense.go:97.2,102.16 5 1
github.com/khatthaphone/assesment/expense/expense.go:106.2,106.38 1 1
github.com/khatthaphone/assesment/expense/expense.go:85.37,87.3 1 0
github.com/khatthaphone/assesment/expense/expense.go:93.69,95.3 1 0
github.com/khatthaphone/assesment/expense/expense.go:102.16,104.3 1 0
github.com/khatthaphone/assesment/expense/expense.go:110.63,115.16 3 1
github.com/khatthaphone/assesment/expense/expense.go:119.2,121.18 2 1
github.com/khatthaphone/assesment/expense/expense.go:132.2,132.40 1 1
github.com/khatthaphone/assesment/expense/expense.go:115.16,117.3 1 0
github.com/khatthaphone/assesment/expense/expense.go:121.18,124.17 3 1
github.com/khatthaphone/assesment/expense/expense.go:129.3,129.33 1 1
github.com/khatthaphone/assesment/expense/expense.go:124.17,127.4 1 0
