mode: set
github.com/khatthaphone/assesment/expense/db.go:11.23,14.16 3 0
github.com/khatthaphone/assesment/expense/db.go:18.2,28.16 3 0
github.com/khatthaphone/assesment/expense/db.go:32.2,32.11 1 0
github.com/khatthaphone/assesment/expense/db.go:14.16,16.3 1 0
github.com/khatthaphone/assesment/expense/db.go:28.16,30.3 1 0
github.com/khatthaphone/assesment/expense/expense.go:31.38,35.2 1 1
github.com/khatthaphone/assesment/expense/expense.go:37.59,41.16 3 1
github.com/khatthaphone/assesment/expense/expense.go:45.2,49.16 4 1
github.com/khatthaphone/assesment/expense/expense.go:54.2,54.38 1 1
github.com/khatthaphone/assesment/expense/expense.go:41.16,43.3 1 0
github.com/khatthaphone/assesment/expense/expense.go:49.16,52.3 2 0
github.com/khatthaphone/assesment/expense/expense.go:58.59,61.16 3 1
github.com/khatthaphone/assesment/expense/expense.go:65.2,74.16 6 1
github.com/khatthaphone/assesment/expense/expense.go:79.2,79.33 1 1
github.com/khatthaphone/assesment/expense/expense.go:61.16,63.3 1 0
github.com/khatthaphone/assesment/expense/expense.go:74.16,77.3 2 0
github.com/khatthaphone/assesment/expense/expense.go:82.62,87.16 4 1
github.com/khatthaphone/assesment/expense/expense.go:91.2,96.16 5 1
github.com/khatthaphone/assesment/expense/expense.go:101.2,101.38 1 1
github.com/khatthaphone/assesment/expense/expense.go:87.16,89.3 1 0
github.com/khatthaphone/assesment/expense/expense.go:96.16,99.3 2 0
github.com/khatthaphone/assesment/expense/expense.go:105.63,110.16 3 1
github.com/khatthaphone/assesment/expense/expense.go:115.2,117.18 2 1
github.com/khatthaphone/assesment/expense/expense.go:128.2,128.40 1 1
github.com/khatthaphone/assesment/expense/expense.go:110.16,113.3 2 0
github.com/khatthaphone/assesment/expense/expense.go:117.18,120.17 3 1
github.com/khatthaphone/assesment/expense/expense.go:125.3,125.33 1 1
github.com/khatthaphone/assesment/expense/expense.go:120.17,123.4 2 0
